<?xml version="1.0" encoding="UTF-8"?>
<!-- Generated by org.testng.reporters.JUnitReportReporter -->
<testsuite hostname="LAPTOP-TAJ90AO2" failures="0" tests="1" name="cc2.PART_B" time="80.750" errors="0" timestamp="2023-04-19T12:44:13 IST" skipped="0">
  <testcase classname="cc2.PART_B" name="f" time="80.750"/>
  <system-out/>
</testsuite> <!-- cc2.PART_B -->
